[2022-10-24 19:45:01,794] {taskinstance.py:1159} INFO - Dependencies all met for <TaskInstance: hello_world_dag.hello_task scheduled__2022-10-24T19:30:00+00:00 [queued]>
[2022-10-24 19:45:01,804] {taskinstance.py:1159} INFO - Dependencies all met for <TaskInstance: hello_world_dag.hello_task scheduled__2022-10-24T19:30:00+00:00 [queued]>
[2022-10-24 19:45:01,805] {taskinstance.py:1356} INFO - 
--------------------------------------------------------------------------------
[2022-10-24 19:45:01,805] {taskinstance.py:1357} INFO - Starting attempt 1 of 1
[2022-10-24 19:45:01,806] {taskinstance.py:1358} INFO - 
--------------------------------------------------------------------------------
[2022-10-24 19:45:01,819] {taskinstance.py:1377} INFO - Executing <Task(_PythonDecoratedOperator): hello_task> on 2022-10-24 19:30:00+00:00
[2022-10-24 19:45:01,821] {standard_task_runner.py:52} INFO - Started process 1554 to run task
[2022-10-24 19:45:01,824] {standard_task_runner.py:79} INFO - Running: ['airflow', 'tasks', 'run', 'hello_world_dag', 'hello_task', 'scheduled__2022-10-24T19:30:00+00:00', '--job-id', '10', '--raw', '--subdir', 'DAGS_FOLDER/hello.py', '--cfg-path', '/tmp/tmps7yxcmih', '--error-file', '/tmp/tmp08s0i4_o']
[2022-10-24 19:45:01,825] {standard_task_runner.py:80} INFO - Job 10: Subtask hello_task
[2022-10-24 19:45:01,890] {task_command.py:369} INFO - Running <TaskInstance: hello_world_dag.hello_task scheduled__2022-10-24T19:30:00+00:00 [running]> on host cf01c04ee00d
[2022-10-24 19:45:01,967] {taskinstance.py:1569} INFO - Exporting the following env vars:
AIRFLOW_CTX_DAG_OWNER=airflow
AIRFLOW_CTX_DAG_ID=hello_world_dag
AIRFLOW_CTX_TASK_ID=hello_task
AIRFLOW_CTX_EXECUTION_DATE=2022-10-24T19:30:00+00:00
AIRFLOW_CTX_TRY_NUMBER=1
AIRFLOW_CTX_DAG_RUN_ID=scheduled__2022-10-24T19:30:00+00:00
[2022-10-24 19:45:01,968] {hello.py:10} INFO - Hello World!!
[2022-10-24 19:45:01,968] {python.py:173} INFO - Done. Returned value was: None
[2022-10-24 19:45:01,981] {taskinstance.py:1395} INFO - Marking task as SUCCESS. dag_id=hello_world_dag, task_id=hello_task, execution_date=20221024T193000, start_date=20221024T194501, end_date=20221024T194501
[2022-10-24 19:45:01,997] {local_task_job.py:156} INFO - Task exited with return code 0
[2022-10-24 19:45:02,029] {local_task_job.py:273} INFO - 0 downstream tasks scheduled from follow-on schedule check
