[2022-10-26 07:48:53,286] {taskinstance.py:1159} INFO - Dependencies all met for <TaskInstance: hello_world_dag.hello_task scheduled__2022-10-26T07:30:00+00:00 [queued]>
[2022-10-26 07:48:53,300] {taskinstance.py:1159} INFO - Dependencies all met for <TaskInstance: hello_world_dag.hello_task scheduled__2022-10-26T07:30:00+00:00 [queued]>
[2022-10-26 07:48:53,300] {taskinstance.py:1356} INFO - 
--------------------------------------------------------------------------------
[2022-10-26 07:48:53,301] {taskinstance.py:1357} INFO - Starting attempt 1 of 1
[2022-10-26 07:48:53,301] {taskinstance.py:1358} INFO - 
--------------------------------------------------------------------------------
[2022-10-26 07:48:53,325] {taskinstance.py:1377} INFO - Executing <Task(_PythonDecoratedOperator): hello_task> on 2022-10-26 07:30:00+00:00
[2022-10-26 07:48:53,328] {standard_task_runner.py:52} INFO - Started process 189 to run task
[2022-10-26 07:48:53,331] {standard_task_runner.py:79} INFO - Running: ['airflow', 'tasks', 'run', 'hello_world_dag', 'hello_task', 'scheduled__2022-10-26T07:30:00+00:00', '--job-id', '58', '--raw', '--subdir', 'DAGS_FOLDER/hello.py', '--cfg-path', '/tmp/tmp6eldcf8g', '--error-file', '/tmp/tmpzopv9y52']
[2022-10-26 07:48:53,332] {standard_task_runner.py:80} INFO - Job 58: Subtask hello_task
[2022-10-26 07:48:53,402] {task_command.py:369} INFO - Running <TaskInstance: hello_world_dag.hello_task scheduled__2022-10-26T07:30:00+00:00 [running]> on host cf01c04ee00d
[2022-10-26 07:48:53,504] {taskinstance.py:1569} INFO - Exporting the following env vars:
AIRFLOW_CTX_DAG_OWNER=airflow
AIRFLOW_CTX_DAG_ID=hello_world_dag
AIRFLOW_CTX_TASK_ID=hello_task
AIRFLOW_CTX_EXECUTION_DATE=2022-10-26T07:30:00+00:00
AIRFLOW_CTX_TRY_NUMBER=1
AIRFLOW_CTX_DAG_RUN_ID=scheduled__2022-10-26T07:30:00+00:00
[2022-10-26 07:48:53,505] {hello.py:10} INFO - Hello World!!
[2022-10-26 07:48:53,506] {python.py:173} INFO - Done. Returned value was: None
[2022-10-26 07:48:53,524] {taskinstance.py:1395} INFO - Marking task as SUCCESS. dag_id=hello_world_dag, task_id=hello_task, execution_date=20221026T073000, start_date=20221026T074853, end_date=20221026T074853
[2022-10-26 07:48:53,543] {local_task_job.py:156} INFO - Task exited with return code 0
[2022-10-26 07:48:53,592] {local_task_job.py:273} INFO - 0 downstream tasks scheduled from follow-on schedule check
