[2022-10-26 08:30:01,353] {taskinstance.py:1159} INFO - Dependencies all met for <TaskInstance: hello_world_dag.hello_task scheduled__2022-10-26T08:15:00+00:00 [queued]>
[2022-10-26 08:30:01,362] {taskinstance.py:1159} INFO - Dependencies all met for <TaskInstance: hello_world_dag.hello_task scheduled__2022-10-26T08:15:00+00:00 [queued]>
[2022-10-26 08:30:01,362] {taskinstance.py:1356} INFO - 
--------------------------------------------------------------------------------
[2022-10-26 08:30:01,362] {taskinstance.py:1357} INFO - Starting attempt 1 of 1
[2022-10-26 08:30:01,363] {taskinstance.py:1358} INFO - 
--------------------------------------------------------------------------------
[2022-10-26 08:30:01,375] {taskinstance.py:1377} INFO - Executing <Task(_PythonDecoratedOperator): hello_task> on 2022-10-26 08:15:00+00:00
[2022-10-26 08:30:01,377] {standard_task_runner.py:52} INFO - Started process 614 to run task
[2022-10-26 08:30:01,380] {standard_task_runner.py:79} INFO - Running: ['airflow', 'tasks', 'run', 'hello_world_dag', 'hello_task', 'scheduled__2022-10-26T08:15:00+00:00', '--job-id', '61', '--raw', '--subdir', 'DAGS_FOLDER/hello.py', '--cfg-path', '/tmp/tmpdez_89e7', '--error-file', '/tmp/tmprrkv_inj']
[2022-10-26 08:30:01,381] {standard_task_runner.py:80} INFO - Job 61: Subtask hello_task
[2022-10-26 08:30:01,439] {task_command.py:369} INFO - Running <TaskInstance: hello_world_dag.hello_task scheduled__2022-10-26T08:15:00+00:00 [running]> on host cf01c04ee00d
[2022-10-26 08:30:01,511] {taskinstance.py:1569} INFO - Exporting the following env vars:
AIRFLOW_CTX_DAG_OWNER=airflow
AIRFLOW_CTX_DAG_ID=hello_world_dag
AIRFLOW_CTX_TASK_ID=hello_task
AIRFLOW_CTX_EXECUTION_DATE=2022-10-26T08:15:00+00:00
AIRFLOW_CTX_TRY_NUMBER=1
AIRFLOW_CTX_DAG_RUN_ID=scheduled__2022-10-26T08:15:00+00:00
[2022-10-26 08:30:01,512] {hello.py:10} INFO - Hello World!!
[2022-10-26 08:30:01,512] {python.py:173} INFO - Done. Returned value was: None
[2022-10-26 08:30:01,527] {taskinstance.py:1395} INFO - Marking task as SUCCESS. dag_id=hello_world_dag, task_id=hello_task, execution_date=20221026T081500, start_date=20221026T083001, end_date=20221026T083001
[2022-10-26 08:30:01,552] {local_task_job.py:156} INFO - Task exited with return code 0
[2022-10-26 08:30:01,586] {local_task_job.py:273} INFO - 0 downstream tasks scheduled from follow-on schedule check
