[2022-10-25 17:15:01,477] {taskinstance.py:1159} INFO - Dependencies all met for <TaskInstance: hello_world_dag.hello_task scheduled__2022-10-25T17:00:00+00:00 [queued]>
[2022-10-25 17:15:01,488] {taskinstance.py:1159} INFO - Dependencies all met for <TaskInstance: hello_world_dag.hello_task scheduled__2022-10-25T17:00:00+00:00 [queued]>
[2022-10-25 17:15:01,489] {taskinstance.py:1356} INFO - 
--------------------------------------------------------------------------------
[2022-10-25 17:15:01,489] {taskinstance.py:1357} INFO - Starting attempt 1 of 1
[2022-10-25 17:15:01,490] {taskinstance.py:1358} INFO - 
--------------------------------------------------------------------------------
[2022-10-25 17:15:01,504] {taskinstance.py:1377} INFO - Executing <Task(_PythonDecoratedOperator): hello_task> on 2022-10-25 17:00:00+00:00
[2022-10-25 17:15:01,507] {standard_task_runner.py:52} INFO - Started process 8732 to run task
[2022-10-25 17:15:01,510] {standard_task_runner.py:79} INFO - Running: ['airflow', 'tasks', 'run', 'hello_world_dag', 'hello_task', 'scheduled__2022-10-25T17:00:00+00:00', '--job-id', '47', '--raw', '--subdir', 'DAGS_FOLDER/hello.py', '--cfg-path', '/tmp/tmpbs0we5x5', '--error-file', '/tmp/tmp3cx2tamk']
[2022-10-25 17:15:01,511] {standard_task_runner.py:80} INFO - Job 47: Subtask hello_task
[2022-10-25 17:15:01,583] {task_command.py:369} INFO - Running <TaskInstance: hello_world_dag.hello_task scheduled__2022-10-25T17:00:00+00:00 [running]> on host cf01c04ee00d
[2022-10-25 17:15:01,670] {taskinstance.py:1569} INFO - Exporting the following env vars:
AIRFLOW_CTX_DAG_OWNER=airflow
AIRFLOW_CTX_DAG_ID=hello_world_dag
AIRFLOW_CTX_TASK_ID=hello_task
AIRFLOW_CTX_EXECUTION_DATE=2022-10-25T17:00:00+00:00
AIRFLOW_CTX_TRY_NUMBER=1
AIRFLOW_CTX_DAG_RUN_ID=scheduled__2022-10-25T17:00:00+00:00
[2022-10-25 17:15:01,671] {hello.py:10} INFO - Hello World!!
[2022-10-25 17:15:01,671] {python.py:173} INFO - Done. Returned value was: None
[2022-10-25 17:15:01,692] {taskinstance.py:1395} INFO - Marking task as SUCCESS. dag_id=hello_world_dag, task_id=hello_task, execution_date=20221025T170000, start_date=20221025T171501, end_date=20221025T171501
[2022-10-25 17:15:01,803] {local_task_job.py:156} INFO - Task exited with return code 0
[2022-10-25 17:15:01,850] {local_task_job.py:273} INFO - 0 downstream tasks scheduled from follow-on schedule check
