[2022-10-25 12:30:01,230] {taskinstance.py:1159} INFO - Dependencies all met for <TaskInstance: hello_world_dag.hello_task scheduled__2022-10-25T12:15:00+00:00 [queued]>
[2022-10-25 12:30:01,240] {taskinstance.py:1159} INFO - Dependencies all met for <TaskInstance: hello_world_dag.hello_task scheduled__2022-10-25T12:15:00+00:00 [queued]>
[2022-10-25 12:30:01,241] {taskinstance.py:1356} INFO - 
--------------------------------------------------------------------------------
[2022-10-25 12:30:01,241] {taskinstance.py:1357} INFO - Starting attempt 1 of 1
[2022-10-25 12:30:01,241] {taskinstance.py:1358} INFO - 
--------------------------------------------------------------------------------
[2022-10-25 12:30:01,257] {taskinstance.py:1377} INFO - Executing <Task(_PythonDecoratedOperator): hello_task> on 2022-10-25 12:15:00+00:00
[2022-10-25 12:30:01,260] {standard_task_runner.py:52} INFO - Started process 4969 to run task
[2022-10-25 12:30:01,264] {standard_task_runner.py:79} INFO - Running: ['airflow', 'tasks', 'run', 'hello_world_dag', 'hello_task', 'scheduled__2022-10-25T12:15:00+00:00', '--job-id', '28', '--raw', '--subdir', 'DAGS_FOLDER/hello.py', '--cfg-path', '/tmp/tmpiq9y_sep', '--error-file', '/tmp/tmpsnmplbp9']
[2022-10-25 12:30:01,265] {standard_task_runner.py:80} INFO - Job 28: Subtask hello_task
[2022-10-25 12:30:01,341] {task_command.py:369} INFO - Running <TaskInstance: hello_world_dag.hello_task scheduled__2022-10-25T12:15:00+00:00 [running]> on host cf01c04ee00d
[2022-10-25 12:30:01,419] {taskinstance.py:1569} INFO - Exporting the following env vars:
AIRFLOW_CTX_DAG_OWNER=airflow
AIRFLOW_CTX_DAG_ID=hello_world_dag
AIRFLOW_CTX_TASK_ID=hello_task
AIRFLOW_CTX_EXECUTION_DATE=2022-10-25T12:15:00+00:00
AIRFLOW_CTX_TRY_NUMBER=1
AIRFLOW_CTX_DAG_RUN_ID=scheduled__2022-10-25T12:15:00+00:00
[2022-10-25 12:30:01,420] {hello.py:10} INFO - Hello World!!
[2022-10-25 12:30:01,420] {python.py:173} INFO - Done. Returned value was: None
[2022-10-25 12:30:01,434] {taskinstance.py:1395} INFO - Marking task as SUCCESS. dag_id=hello_world_dag, task_id=hello_task, execution_date=20221025T121500, start_date=20221025T123001, end_date=20221025T123001
[2022-10-25 12:30:01,476] {local_task_job.py:156} INFO - Task exited with return code 0
[2022-10-25 12:30:01,509] {local_task_job.py:273} INFO - 0 downstream tasks scheduled from follow-on schedule check
