[2022-10-24 18:00:01,858] {taskinstance.py:1159} INFO - Dependencies all met for <TaskInstance: hello_world_dag.hello_task scheduled__2022-10-24T17:45:00+00:00 [queued]>
[2022-10-24 18:00:01,871] {taskinstance.py:1159} INFO - Dependencies all met for <TaskInstance: hello_world_dag.hello_task scheduled__2022-10-24T17:45:00+00:00 [queued]>
[2022-10-24 18:00:01,871] {taskinstance.py:1356} INFO - 
--------------------------------------------------------------------------------
[2022-10-24 18:00:01,872] {taskinstance.py:1357} INFO - Starting attempt 1 of 1
[2022-10-24 18:00:01,872] {taskinstance.py:1358} INFO - 
--------------------------------------------------------------------------------
[2022-10-24 18:00:01,886] {taskinstance.py:1377} INFO - Executing <Task(_PythonDecoratedOperator): hello_task> on 2022-10-24 17:45:00+00:00
[2022-10-24 18:00:01,889] {standard_task_runner.py:52} INFO - Started process 169 to run task
[2022-10-24 18:00:01,893] {standard_task_runner.py:79} INFO - Running: ['airflow', 'tasks', 'run', 'hello_world_dag', 'hello_task', 'scheduled__2022-10-24T17:45:00+00:00', '--job-id', '3', '--raw', '--subdir', 'DAGS_FOLDER/hello.py', '--cfg-path', '/tmp/tmpgm__czff', '--error-file', '/tmp/tmpbps0yqdk']
[2022-10-24 18:00:01,894] {standard_task_runner.py:80} INFO - Job 3: Subtask hello_task
[2022-10-24 18:00:01,962] {task_command.py:369} INFO - Running <TaskInstance: hello_world_dag.hello_task scheduled__2022-10-24T17:45:00+00:00 [running]> on host cf01c04ee00d
[2022-10-24 18:00:02,032] {taskinstance.py:1569} INFO - Exporting the following env vars:
AIRFLOW_CTX_DAG_OWNER=airflow
AIRFLOW_CTX_DAG_ID=hello_world_dag
AIRFLOW_CTX_TASK_ID=hello_task
AIRFLOW_CTX_EXECUTION_DATE=2022-10-24T17:45:00+00:00
AIRFLOW_CTX_TRY_NUMBER=1
AIRFLOW_CTX_DAG_RUN_ID=scheduled__2022-10-24T17:45:00+00:00
[2022-10-24 18:00:02,032] {hello.py:10} INFO - Hello World!!
[2022-10-24 18:00:02,033] {python.py:173} INFO - Done. Returned value was: None
[2022-10-24 18:00:02,046] {taskinstance.py:1395} INFO - Marking task as SUCCESS. dag_id=hello_world_dag, task_id=hello_task, execution_date=20221024T174500, start_date=20221024T180001, end_date=20221024T180002
[2022-10-24 18:00:02,065] {local_task_job.py:156} INFO - Task exited with return code 0
[2022-10-24 18:00:02,097] {local_task_job.py:273} INFO - 0 downstream tasks scheduled from follow-on schedule check
