[2022-10-25 08:46:33,425] {taskinstance.py:1159} INFO - Dependencies all met for <TaskInstance: hello_world_dag.hello_task scheduled__2022-10-24T20:00:00+00:00 [queued]>
[2022-10-25 08:46:33,434] {taskinstance.py:1159} INFO - Dependencies all met for <TaskInstance: hello_world_dag.hello_task scheduled__2022-10-24T20:00:00+00:00 [queued]>
[2022-10-25 08:46:33,435] {taskinstance.py:1356} INFO - 
--------------------------------------------------------------------------------
[2022-10-25 08:46:33,435] {taskinstance.py:1357} INFO - Starting attempt 1 of 1
[2022-10-25 08:46:33,436] {taskinstance.py:1358} INFO - 
--------------------------------------------------------------------------------
[2022-10-25 08:46:33,456] {taskinstance.py:1377} INFO - Executing <Task(_PythonDecoratedOperator): hello_task> on 2022-10-24 20:00:00+00:00
[2022-10-25 08:46:33,458] {standard_task_runner.py:52} INFO - Started process 1981 to run task
[2022-10-25 08:46:33,463] {standard_task_runner.py:79} INFO - Running: ['airflow', 'tasks', 'run', 'hello_world_dag', 'hello_task', 'scheduled__2022-10-24T20:00:00+00:00', '--job-id', '12', '--raw', '--subdir', 'DAGS_FOLDER/hello.py', '--cfg-path', '/tmp/tmpi5j6lrle', '--error-file', '/tmp/tmpqo551dzf']
[2022-10-25 08:46:33,463] {standard_task_runner.py:80} INFO - Job 12: Subtask hello_task
[2022-10-25 08:46:33,549] {task_command.py:369} INFO - Running <TaskInstance: hello_world_dag.hello_task scheduled__2022-10-24T20:00:00+00:00 [running]> on host cf01c04ee00d
[2022-10-25 08:46:33,652] {taskinstance.py:1569} INFO - Exporting the following env vars:
AIRFLOW_CTX_DAG_OWNER=airflow
AIRFLOW_CTX_DAG_ID=hello_world_dag
AIRFLOW_CTX_TASK_ID=hello_task
AIRFLOW_CTX_EXECUTION_DATE=2022-10-24T20:00:00+00:00
AIRFLOW_CTX_TRY_NUMBER=1
AIRFLOW_CTX_DAG_RUN_ID=scheduled__2022-10-24T20:00:00+00:00
[2022-10-25 08:46:33,653] {hello.py:10} INFO - Hello World!!
[2022-10-25 08:46:33,653] {python.py:173} INFO - Done. Returned value was: None
[2022-10-25 08:46:33,671] {taskinstance.py:1395} INFO - Marking task as SUCCESS. dag_id=hello_world_dag, task_id=hello_task, execution_date=20221024T200000, start_date=20221025T084633, end_date=20221025T084633
[2022-10-25 08:46:33,714] {local_task_job.py:156} INFO - Task exited with return code 0
[2022-10-25 08:46:33,756] {local_task_job.py:273} INFO - 0 downstream tasks scheduled from follow-on schedule check
