[2022-10-28 14:30:09,569] {taskinstance.py:1159} INFO - Dependencies all met for <TaskInstance: hello_world_dag.stop_task scheduled__2022-10-27T14:30:00+00:00 [queued]>
[2022-10-28 14:30:09,578] {taskinstance.py:1159} INFO - Dependencies all met for <TaskInstance: hello_world_dag.stop_task scheduled__2022-10-27T14:30:00+00:00 [queued]>
[2022-10-28 14:30:09,578] {taskinstance.py:1356} INFO - 
--------------------------------------------------------------------------------
[2022-10-28 14:30:09,579] {taskinstance.py:1357} INFO - Starting attempt 1 of 1
[2022-10-28 14:30:09,579] {taskinstance.py:1358} INFO - 
--------------------------------------------------------------------------------
[2022-10-28 14:30:09,592] {taskinstance.py:1377} INFO - Executing <Task(_PythonDecoratedOperator): stop_task> on 2022-10-27 14:30:00+00:00
[2022-10-28 14:30:09,594] {standard_task_runner.py:52} INFO - Started process 8286 to run task
[2022-10-28 14:30:09,597] {standard_task_runner.py:79} INFO - Running: ['airflow', 'tasks', 'run', 'hello_world_dag', 'stop_task', 'scheduled__2022-10-27T14:30:00+00:00', '--job-id', '169', '--raw', '--subdir', 'DAGS_FOLDER/hello.py', '--cfg-path', '/tmp/tmp6w8h0t83', '--error-file', '/tmp/tmpu_ti4gn3']
[2022-10-28 14:30:09,597] {standard_task_runner.py:80} INFO - Job 169: Subtask stop_task
[2022-10-28 14:30:09,662] {task_command.py:369} INFO - Running <TaskInstance: hello_world_dag.stop_task scheduled__2022-10-27T14:30:00+00:00 [running]> on host cf01c04ee00d
[2022-10-28 14:30:09,743] {taskinstance.py:1569} INFO - Exporting the following env vars:
AIRFLOW_CTX_DAG_OWNER=airflow
AIRFLOW_CTX_DAG_ID=hello_world_dag
AIRFLOW_CTX_TASK_ID=stop_task
AIRFLOW_CTX_EXECUTION_DATE=2022-10-27T14:30:00+00:00
AIRFLOW_CTX_TRY_NUMBER=1
AIRFLOW_CTX_DAG_RUN_ID=scheduled__2022-10-27T14:30:00+00:00
[2022-10-28 14:30:09,744] {hello.py:10} INFO - Hello World!!
[2022-10-28 14:30:09,744] {python.py:173} INFO - Done. Returned value was: None
[2022-10-28 14:30:09,758] {taskinstance.py:1395} INFO - Marking task as SUCCESS. dag_id=hello_world_dag, task_id=stop_task, execution_date=20221027T143000, start_date=20221028T143009, end_date=20221028T143009
[2022-10-28 14:30:09,810] {local_task_job.py:156} INFO - Task exited with return code 0
[2022-10-28 14:30:09,847] {local_task_job.py:273} INFO - 0 downstream tasks scheduled from follow-on schedule check
