[2022-10-25 08:46:35,641] {taskinstance.py:1159} INFO - Dependencies all met for <TaskInstance: hello_world_dag.hello_task scheduled__2022-10-25T08:30:00+00:00 [queued]>
[2022-10-25 08:46:35,649] {taskinstance.py:1159} INFO - Dependencies all met for <TaskInstance: hello_world_dag.hello_task scheduled__2022-10-25T08:30:00+00:00 [queued]>
[2022-10-25 08:46:35,650] {taskinstance.py:1356} INFO - 
--------------------------------------------------------------------------------
[2022-10-25 08:46:35,650] {taskinstance.py:1357} INFO - Starting attempt 1 of 1
[2022-10-25 08:46:35,651] {taskinstance.py:1358} INFO - 
--------------------------------------------------------------------------------
[2022-10-25 08:46:35,665] {taskinstance.py:1377} INFO - Executing <Task(_PythonDecoratedOperator): hello_task> on 2022-10-25 08:30:00+00:00
[2022-10-25 08:46:35,667] {standard_task_runner.py:52} INFO - Started process 1999 to run task
[2022-10-25 08:46:35,670] {standard_task_runner.py:79} INFO - Running: ['airflow', 'tasks', 'run', 'hello_world_dag', 'hello_task', 'scheduled__2022-10-25T08:30:00+00:00', '--job-id', '13', '--raw', '--subdir', 'DAGS_FOLDER/hello.py', '--cfg-path', '/tmp/tmpj572qqm4', '--error-file', '/tmp/tmp8hw9ybt7']
[2022-10-25 08:46:35,671] {standard_task_runner.py:80} INFO - Job 13: Subtask hello_task
[2022-10-25 08:46:35,734] {task_command.py:369} INFO - Running <TaskInstance: hello_world_dag.hello_task scheduled__2022-10-25T08:30:00+00:00 [running]> on host cf01c04ee00d
[2022-10-25 08:46:35,811] {taskinstance.py:1569} INFO - Exporting the following env vars:
AIRFLOW_CTX_DAG_OWNER=airflow
AIRFLOW_CTX_DAG_ID=hello_world_dag
AIRFLOW_CTX_TASK_ID=hello_task
AIRFLOW_CTX_EXECUTION_DATE=2022-10-25T08:30:00+00:00
AIRFLOW_CTX_TRY_NUMBER=1
AIRFLOW_CTX_DAG_RUN_ID=scheduled__2022-10-25T08:30:00+00:00
[2022-10-25 08:46:35,812] {hello.py:10} INFO - Hello World!!
[2022-10-25 08:46:35,813] {python.py:173} INFO - Done. Returned value was: None
[2022-10-25 08:46:35,828] {taskinstance.py:1395} INFO - Marking task as SUCCESS. dag_id=hello_world_dag, task_id=hello_task, execution_date=20221025T083000, start_date=20221025T084635, end_date=20221025T084635
[2022-10-25 08:46:35,843] {local_task_job.py:156} INFO - Task exited with return code 0
[2022-10-25 08:46:35,877] {local_task_job.py:273} INFO - 0 downstream tasks scheduled from follow-on schedule check
