[2022-10-25 14:30:01,752] {taskinstance.py:1159} INFO - Dependencies all met for <TaskInstance: hello_world_dag.hello_task scheduled__2022-10-25T14:15:00+00:00 [queued]>
[2022-10-25 14:30:01,760] {taskinstance.py:1159} INFO - Dependencies all met for <TaskInstance: hello_world_dag.hello_task scheduled__2022-10-25T14:15:00+00:00 [queued]>
[2022-10-25 14:30:01,760] {taskinstance.py:1356} INFO - 
--------------------------------------------------------------------------------
[2022-10-25 14:30:01,761] {taskinstance.py:1357} INFO - Starting attempt 1 of 1
[2022-10-25 14:30:01,762] {taskinstance.py:1358} INFO - 
--------------------------------------------------------------------------------
[2022-10-25 14:30:01,773] {taskinstance.py:1377} INFO - Executing <Task(_PythonDecoratedOperator): hello_task> on 2022-10-25 14:15:00+00:00
[2022-10-25 14:30:01,776] {standard_task_runner.py:52} INFO - Started process 6550 to run task
[2022-10-25 14:30:01,779] {standard_task_runner.py:79} INFO - Running: ['airflow', 'tasks', 'run', 'hello_world_dag', 'hello_task', 'scheduled__2022-10-25T14:15:00+00:00', '--job-id', '36', '--raw', '--subdir', 'DAGS_FOLDER/hello.py', '--cfg-path', '/tmp/tmpmh424voh', '--error-file', '/tmp/tmp0e0_o7b2']
[2022-10-25 14:30:01,779] {standard_task_runner.py:80} INFO - Job 36: Subtask hello_task
[2022-10-25 14:30:01,839] {task_command.py:369} INFO - Running <TaskInstance: hello_world_dag.hello_task scheduled__2022-10-25T14:15:00+00:00 [running]> on host cf01c04ee00d
[2022-10-25 14:30:01,912] {taskinstance.py:1569} INFO - Exporting the following env vars:
AIRFLOW_CTX_DAG_OWNER=airflow
AIRFLOW_CTX_DAG_ID=hello_world_dag
AIRFLOW_CTX_TASK_ID=hello_task
AIRFLOW_CTX_EXECUTION_DATE=2022-10-25T14:15:00+00:00
AIRFLOW_CTX_TRY_NUMBER=1
AIRFLOW_CTX_DAG_RUN_ID=scheduled__2022-10-25T14:15:00+00:00
[2022-10-25 14:30:01,912] {hello.py:10} INFO - Hello World!!
[2022-10-25 14:30:01,913] {python.py:173} INFO - Done. Returned value was: None
[2022-10-25 14:30:01,926] {taskinstance.py:1395} INFO - Marking task as SUCCESS. dag_id=hello_world_dag, task_id=hello_task, execution_date=20221025T141500, start_date=20221025T143001, end_date=20221025T143001
[2022-10-25 14:30:01,952] {local_task_job.py:156} INFO - Task exited with return code 0
[2022-10-25 14:30:01,984] {local_task_job.py:273} INFO - 0 downstream tasks scheduled from follow-on schedule check
