[2022-10-26 13:45:07,421] {taskinstance.py:1159} INFO - Dependencies all met for <TaskInstance: hello_world_dag.stop_task scheduled__2022-10-26T13:30:00+00:00 [queued]>
[2022-10-26 13:45:07,429] {taskinstance.py:1159} INFO - Dependencies all met for <TaskInstance: hello_world_dag.stop_task scheduled__2022-10-26T13:30:00+00:00 [queued]>
[2022-10-26 13:45:07,430] {taskinstance.py:1356} INFO - 
--------------------------------------------------------------------------------
[2022-10-26 13:45:07,430] {taskinstance.py:1357} INFO - Starting attempt 1 of 1
[2022-10-26 13:45:07,431] {taskinstance.py:1358} INFO - 
--------------------------------------------------------------------------------
[2022-10-26 13:45:07,443] {taskinstance.py:1377} INFO - Executing <Task(_PythonDecoratedOperator): stop_task> on 2022-10-26 13:30:00+00:00
[2022-10-26 13:45:07,445] {standard_task_runner.py:52} INFO - Started process 4009 to run task
[2022-10-26 13:45:07,448] {standard_task_runner.py:79} INFO - Running: ['airflow', 'tasks', 'run', 'hello_world_dag', 'stop_task', 'scheduled__2022-10-26T13:30:00+00:00', '--job-id', '129', '--raw', '--subdir', 'DAGS_FOLDER/hello.py', '--cfg-path', '/tmp/tmpw_3lrtip', '--error-file', '/tmp/tmpainz7fc9']
[2022-10-26 13:45:07,449] {standard_task_runner.py:80} INFO - Job 129: Subtask stop_task
[2022-10-26 13:45:07,505] {task_command.py:369} INFO - Running <TaskInstance: hello_world_dag.stop_task scheduled__2022-10-26T13:30:00+00:00 [running]> on host cf01c04ee00d
[2022-10-26 13:45:07,573] {taskinstance.py:1569} INFO - Exporting the following env vars:
AIRFLOW_CTX_DAG_OWNER=airflow
AIRFLOW_CTX_DAG_ID=hello_world_dag
AIRFLOW_CTX_TASK_ID=stop_task
AIRFLOW_CTX_EXECUTION_DATE=2022-10-26T13:30:00+00:00
AIRFLOW_CTX_TRY_NUMBER=1
AIRFLOW_CTX_DAG_RUN_ID=scheduled__2022-10-26T13:30:00+00:00
[2022-10-26 13:45:07,574] {hello.py:10} INFO - Hello World!!
[2022-10-26 13:45:07,574] {python.py:173} INFO - Done. Returned value was: None
[2022-10-26 13:45:07,587] {taskinstance.py:1395} INFO - Marking task as SUCCESS. dag_id=hello_world_dag, task_id=stop_task, execution_date=20221026T133000, start_date=20221026T134507, end_date=20221026T134507
[2022-10-26 13:45:07,620] {local_task_job.py:156} INFO - Task exited with return code 0
[2022-10-26 13:45:07,654] {local_task_job.py:273} INFO - 0 downstream tasks scheduled from follow-on schedule check
