[2022-10-29 14:30:09,240] {taskinstance.py:1159} INFO - Dependencies all met for <TaskInstance: hello_world_dag.stop_task scheduled__2022-10-28T14:30:00+00:00 [queued]>
[2022-10-29 14:30:09,250] {taskinstance.py:1159} INFO - Dependencies all met for <TaskInstance: hello_world_dag.stop_task scheduled__2022-10-28T14:30:00+00:00 [queued]>
[2022-10-29 14:30:09,251] {taskinstance.py:1356} INFO - 
--------------------------------------------------------------------------------
[2022-10-29 14:30:09,251] {taskinstance.py:1357} INFO - Starting attempt 1 of 1
[2022-10-29 14:30:09,252] {taskinstance.py:1358} INFO - 
--------------------------------------------------------------------------------
[2022-10-29 14:30:09,268] {taskinstance.py:1377} INFO - Executing <Task(_PythonDecoratedOperator): stop_task> on 2022-10-28 14:30:00+00:00
[2022-10-29 14:30:09,270] {standard_task_runner.py:52} INFO - Started process 15567 to run task
[2022-10-29 14:30:09,274] {standard_task_runner.py:79} INFO - Running: ['airflow', 'tasks', 'run', 'hello_world_dag', 'stop_task', 'scheduled__2022-10-28T14:30:00+00:00', '--job-id', '174', '--raw', '--subdir', 'DAGS_FOLDER/hello.py', '--cfg-path', '/tmp/tmpg2ykacqf', '--error-file', '/tmp/tmpouq4r3b0']
[2022-10-29 14:30:09,275] {standard_task_runner.py:80} INFO - Job 174: Subtask stop_task
[2022-10-29 14:30:09,344] {task_command.py:369} INFO - Running <TaskInstance: hello_world_dag.stop_task scheduled__2022-10-28T14:30:00+00:00 [running]> on host cf01c04ee00d
[2022-10-29 14:30:09,426] {taskinstance.py:1569} INFO - Exporting the following env vars:
AIRFLOW_CTX_DAG_OWNER=airflow
AIRFLOW_CTX_DAG_ID=hello_world_dag
AIRFLOW_CTX_TASK_ID=stop_task
AIRFLOW_CTX_EXECUTION_DATE=2022-10-28T14:30:00+00:00
AIRFLOW_CTX_TRY_NUMBER=1
AIRFLOW_CTX_DAG_RUN_ID=scheduled__2022-10-28T14:30:00+00:00
[2022-10-29 14:30:09,427] {hello.py:10} INFO - Hello World!!
[2022-10-29 14:30:09,427] {python.py:173} INFO - Done. Returned value was: None
[2022-10-29 14:30:09,441] {taskinstance.py:1395} INFO - Marking task as SUCCESS. dag_id=hello_world_dag, task_id=stop_task, execution_date=20221028T143000, start_date=20221029T143009, end_date=20221029T143009
[2022-10-29 14:30:09,486] {local_task_job.py:156} INFO - Task exited with return code 0
[2022-10-29 14:30:09,520] {local_task_job.py:273} INFO - 0 downstream tasks scheduled from follow-on schedule check
