[2022-10-26 11:30:01,467] {taskinstance.py:1159} INFO - Dependencies all met for <TaskInstance: hello_world_dag.hello_task scheduled__2022-10-26T11:15:00+00:00 [queued]>
[2022-10-26 11:30:01,474] {taskinstance.py:1159} INFO - Dependencies all met for <TaskInstance: hello_world_dag.hello_task scheduled__2022-10-26T11:15:00+00:00 [queued]>
[2022-10-26 11:30:01,475] {taskinstance.py:1356} INFO - 
--------------------------------------------------------------------------------
[2022-10-26 11:30:01,475] {taskinstance.py:1357} INFO - Starting attempt 1 of 1
[2022-10-26 11:30:01,476] {taskinstance.py:1358} INFO - 
--------------------------------------------------------------------------------
[2022-10-26 11:30:01,487] {taskinstance.py:1377} INFO - Executing <Task(_PythonDecoratedOperator): hello_task> on 2022-10-26 11:15:00+00:00
[2022-10-26 11:30:01,489] {standard_task_runner.py:52} INFO - Started process 1516 to run task
[2022-10-26 11:30:01,492] {standard_task_runner.py:79} INFO - Running: ['airflow', 'tasks', 'run', 'hello_world_dag', 'hello_task', 'scheduled__2022-10-26T11:15:00+00:00', '--job-id', '91', '--raw', '--subdir', 'DAGS_FOLDER/hello.py', '--cfg-path', '/tmp/tmpq6c2ub7v', '--error-file', '/tmp/tmpre4uhbdm']
[2022-10-26 11:30:01,493] {standard_task_runner.py:80} INFO - Job 91: Subtask hello_task
[2022-10-26 11:30:01,548] {task_command.py:369} INFO - Running <TaskInstance: hello_world_dag.hello_task scheduled__2022-10-26T11:15:00+00:00 [running]> on host cf01c04ee00d
[2022-10-26 11:30:01,620] {taskinstance.py:1569} INFO - Exporting the following env vars:
AIRFLOW_CTX_DAG_OWNER=airflow
AIRFLOW_CTX_DAG_ID=hello_world_dag
AIRFLOW_CTX_TASK_ID=hello_task
AIRFLOW_CTX_EXECUTION_DATE=2022-10-26T11:15:00+00:00
AIRFLOW_CTX_TRY_NUMBER=1
AIRFLOW_CTX_DAG_RUN_ID=scheduled__2022-10-26T11:15:00+00:00
[2022-10-26 11:30:01,621] {hello.py:10} INFO - Hello World!!
[2022-10-26 11:30:01,622] {python.py:173} INFO - Done. Returned value was: None
[2022-10-26 11:30:01,635] {taskinstance.py:1395} INFO - Marking task as SUCCESS. dag_id=hello_world_dag, task_id=hello_task, execution_date=20221026T111500, start_date=20221026T113001, end_date=20221026T113001
[2022-10-26 11:30:01,664] {local_task_job.py:156} INFO - Task exited with return code 0
[2022-10-26 11:30:01,698] {local_task_job.py:273} INFO - 1 downstream tasks scheduled from follow-on schedule check
