[2022-10-26 11:00:06,928] {taskinstance.py:1159} INFO - Dependencies all met for <TaskInstance: hello_world_dag.stop_task scheduled__2022-10-26T10:45:00+00:00 [queued]>
[2022-10-26 11:00:06,936] {taskinstance.py:1159} INFO - Dependencies all met for <TaskInstance: hello_world_dag.stop_task scheduled__2022-10-26T10:45:00+00:00 [queued]>
[2022-10-26 11:00:06,936] {taskinstance.py:1356} INFO - 
--------------------------------------------------------------------------------
[2022-10-26 11:00:06,936] {taskinstance.py:1357} INFO - Starting attempt 1 of 1
[2022-10-26 11:00:06,937] {taskinstance.py:1358} INFO - 
--------------------------------------------------------------------------------
[2022-10-26 11:00:06,948] {taskinstance.py:1377} INFO - Executing <Task(_PythonDecoratedOperator): stop_task> on 2022-10-26 10:45:00+00:00
[2022-10-26 11:00:06,950] {standard_task_runner.py:52} INFO - Started process 1018 to run task
[2022-10-26 11:00:06,953] {standard_task_runner.py:79} INFO - Running: ['airflow', 'tasks', 'run', 'hello_world_dag', 'stop_task', 'scheduled__2022-10-26T10:45:00+00:00', '--job-id', '85', '--raw', '--subdir', 'DAGS_FOLDER/hello.py', '--cfg-path', '/tmp/tmpf2um6kgb', '--error-file', '/tmp/tmpy49jy_jd']
[2022-10-26 11:00:06,953] {standard_task_runner.py:80} INFO - Job 85: Subtask stop_task
[2022-10-26 11:00:07,008] {task_command.py:369} INFO - Running <TaskInstance: hello_world_dag.stop_task scheduled__2022-10-26T10:45:00+00:00 [running]> on host cf01c04ee00d
[2022-10-26 11:00:07,075] {taskinstance.py:1569} INFO - Exporting the following env vars:
AIRFLOW_CTX_DAG_OWNER=airflow
AIRFLOW_CTX_DAG_ID=hello_world_dag
AIRFLOW_CTX_TASK_ID=stop_task
AIRFLOW_CTX_EXECUTION_DATE=2022-10-26T10:45:00+00:00
AIRFLOW_CTX_TRY_NUMBER=1
AIRFLOW_CTX_DAG_RUN_ID=scheduled__2022-10-26T10:45:00+00:00
[2022-10-26 11:00:07,076] {hello.py:10} INFO - Hello World!!
[2022-10-26 11:00:07,076] {python.py:173} INFO - Done. Returned value was: None
[2022-10-26 11:00:07,089] {taskinstance.py:1395} INFO - Marking task as SUCCESS. dag_id=hello_world_dag, task_id=stop_task, execution_date=20221026T104500, start_date=20221026T110006, end_date=20221026T110007
[2022-10-26 11:00:07,126] {local_task_job.py:156} INFO - Task exited with return code 0
[2022-10-26 11:00:07,157] {local_task_job.py:273} INFO - 0 downstream tasks scheduled from follow-on schedule check
