[2022-10-26 12:00:08,676] {taskinstance.py:1159} INFO - Dependencies all met for <TaskInstance: hello_world_dag.stop_task scheduled__2022-10-26T11:45:00+00:00 [queued]>
[2022-10-26 12:00:08,684] {taskinstance.py:1159} INFO - Dependencies all met for <TaskInstance: hello_world_dag.stop_task scheduled__2022-10-26T11:45:00+00:00 [queued]>
[2022-10-26 12:00:08,684] {taskinstance.py:1356} INFO - 
--------------------------------------------------------------------------------
[2022-10-26 12:00:08,685] {taskinstance.py:1357} INFO - Starting attempt 1 of 1
[2022-10-26 12:00:08,685] {taskinstance.py:1358} INFO - 
--------------------------------------------------------------------------------
[2022-10-26 12:00:08,697] {taskinstance.py:1377} INFO - Executing <Task(_PythonDecoratedOperator): stop_task> on 2022-10-26 11:45:00+00:00
[2022-10-26 12:00:08,700] {standard_task_runner.py:52} INFO - Started process 2131 to run task
[2022-10-26 12:00:08,702] {standard_task_runner.py:79} INFO - Running: ['airflow', 'tasks', 'run', 'hello_world_dag', 'stop_task', 'scheduled__2022-10-26T11:45:00+00:00', '--job-id', '102', '--raw', '--subdir', 'DAGS_FOLDER/hello.py', '--cfg-path', '/tmp/tmphbh31gk5', '--error-file', '/tmp/tmpv4iipvdb']
[2022-10-26 12:00:08,703] {standard_task_runner.py:80} INFO - Job 102: Subtask stop_task
[2022-10-26 12:00:08,759] {task_command.py:369} INFO - Running <TaskInstance: hello_world_dag.stop_task scheduled__2022-10-26T11:45:00+00:00 [running]> on host cf01c04ee00d
[2022-10-26 12:00:08,827] {taskinstance.py:1569} INFO - Exporting the following env vars:
AIRFLOW_CTX_DAG_OWNER=airflow
AIRFLOW_CTX_DAG_ID=hello_world_dag
AIRFLOW_CTX_TASK_ID=stop_task
AIRFLOW_CTX_EXECUTION_DATE=2022-10-26T11:45:00+00:00
AIRFLOW_CTX_TRY_NUMBER=1
AIRFLOW_CTX_DAG_RUN_ID=scheduled__2022-10-26T11:45:00+00:00
[2022-10-26 12:00:08,828] {hello.py:10} INFO - Hello World!!
[2022-10-26 12:00:08,828] {python.py:173} INFO - Done. Returned value was: None
[2022-10-26 12:00:08,841] {taskinstance.py:1395} INFO - Marking task as SUCCESS. dag_id=hello_world_dag, task_id=stop_task, execution_date=20221026T114500, start_date=20221026T120008, end_date=20221026T120008
[2022-10-26 12:00:08,875] {local_task_job.py:156} INFO - Task exited with return code 0
[2022-10-26 12:00:08,910] {local_task_job.py:273} INFO - 0 downstream tasks scheduled from follow-on schedule check
