[2022-10-26 12:45:08,681] {taskinstance.py:1159} INFO - Dependencies all met for <TaskInstance: hello_world_dag.stop_task scheduled__2022-10-26T12:30:00+00:00 [queued]>
[2022-10-26 12:45:08,689] {taskinstance.py:1159} INFO - Dependencies all met for <TaskInstance: hello_world_dag.stop_task scheduled__2022-10-26T12:30:00+00:00 [queued]>
[2022-10-26 12:45:08,690] {taskinstance.py:1356} INFO - 
--------------------------------------------------------------------------------
[2022-10-26 12:45:08,690] {taskinstance.py:1357} INFO - Starting attempt 1 of 1
[2022-10-26 12:45:08,691] {taskinstance.py:1358} INFO - 
--------------------------------------------------------------------------------
[2022-10-26 12:45:08,703] {taskinstance.py:1377} INFO - Executing <Task(_PythonDecoratedOperator): stop_task> on 2022-10-26 12:30:00+00:00
[2022-10-26 12:45:08,706] {standard_task_runner.py:52} INFO - Started process 2940 to run task
[2022-10-26 12:45:08,709] {standard_task_runner.py:79} INFO - Running: ['airflow', 'tasks', 'run', 'hello_world_dag', 'stop_task', 'scheduled__2022-10-26T12:30:00+00:00', '--job-id', '114', '--raw', '--subdir', 'DAGS_FOLDER/hello.py', '--cfg-path', '/tmp/tmppkcgf9q0', '--error-file', '/tmp/tmprus8qlc2']
[2022-10-26 12:45:08,709] {standard_task_runner.py:80} INFO - Job 114: Subtask stop_task
[2022-10-26 12:45:08,767] {task_command.py:369} INFO - Running <TaskInstance: hello_world_dag.stop_task scheduled__2022-10-26T12:30:00+00:00 [running]> on host cf01c04ee00d
[2022-10-26 12:45:08,854] {taskinstance.py:1569} INFO - Exporting the following env vars:
AIRFLOW_CTX_DAG_OWNER=airflow
AIRFLOW_CTX_DAG_ID=hello_world_dag
AIRFLOW_CTX_TASK_ID=stop_task
AIRFLOW_CTX_EXECUTION_DATE=2022-10-26T12:30:00+00:00
AIRFLOW_CTX_TRY_NUMBER=1
AIRFLOW_CTX_DAG_RUN_ID=scheduled__2022-10-26T12:30:00+00:00
[2022-10-26 12:45:08,855] {hello.py:10} INFO - Hello World!!
[2022-10-26 12:45:08,856] {python.py:173} INFO - Done. Returned value was: None
[2022-10-26 12:45:08,869] {taskinstance.py:1395} INFO - Marking task as SUCCESS. dag_id=hello_world_dag, task_id=stop_task, execution_date=20221026T123000, start_date=20221026T124508, end_date=20221026T124508
[2022-10-26 12:45:08,882] {local_task_job.py:156} INFO - Task exited with return code 0
[2022-10-26 12:45:08,914] {local_task_job.py:273} INFO - 0 downstream tasks scheduled from follow-on schedule check
