[2022-10-27 14:30:07,825] {taskinstance.py:1159} INFO - Dependencies all met for <TaskInstance: dag.also_run_this scheduled__2022-10-26T14:30:00+00:00 [queued]>
[2022-10-27 14:30:07,834] {taskinstance.py:1159} INFO - Dependencies all met for <TaskInstance: dag.also_run_this scheduled__2022-10-26T14:30:00+00:00 [queued]>
[2022-10-27 14:30:07,834] {taskinstance.py:1356} INFO - 
--------------------------------------------------------------------------------
[2022-10-27 14:30:07,835] {taskinstance.py:1357} INFO - Starting attempt 1 of 1
[2022-10-27 14:30:07,835] {taskinstance.py:1358} INFO - 
--------------------------------------------------------------------------------
[2022-10-27 14:30:07,850] {taskinstance.py:1377} INFO - Executing <Task(BashOperator): also_run_this> on 2022-10-26 14:30:00+00:00
[2022-10-27 14:30:07,853] {standard_task_runner.py:52} INFO - Started process 4402 to run task
[2022-10-27 14:30:07,857] {standard_task_runner.py:79} INFO - Running: ['airflow', 'tasks', 'run', 'dag', 'also_run_this', 'scheduled__2022-10-26T14:30:00+00:00', '--job-id', '163', '--raw', '--subdir', 'DAGS_FOLDER/extract_and_load.py', '--cfg-path', '/tmp/tmp4nrj53ir', '--error-file', '/tmp/tmp1q0kaakw']
[2022-10-27 14:30:07,858] {standard_task_runner.py:80} INFO - Job 163: Subtask also_run_this
[2022-10-27 14:30:07,918] {task_command.py:369} INFO - Running <TaskInstance: dag.also_run_this scheduled__2022-10-26T14:30:00+00:00 [running]> on host cf01c04ee00d
[2022-10-27 14:30:07,998] {taskinstance.py:1569} INFO - Exporting the following env vars:
AIRFLOW_CTX_DAG_OWNER=airflow
AIRFLOW_CTX_DAG_ID=dag
AIRFLOW_CTX_TASK_ID=also_run_this
AIRFLOW_CTX_EXECUTION_DATE=2022-10-26T14:30:00+00:00
AIRFLOW_CTX_TRY_NUMBER=1
AIRFLOW_CTX_DAG_RUN_ID=scheduled__2022-10-26T14:30:00+00:00
[2022-10-27 14:30:08,000] {subprocess.py:62} INFO - Tmp dir root location: 
 /tmp
[2022-10-27 14:30:08,001] {subprocess.py:74} INFO - Running command: ['bash', '-c', 'ls']
[2022-10-27 14:30:08,007] {subprocess.py:85} INFO - Output:
[2022-10-27 14:30:08,009] {subprocess.py:96} INFO - Command exited with return code 0
[2022-10-27 14:30:08,046] {taskinstance.py:1395} INFO - Marking task as SUCCESS. dag_id=dag, task_id=also_run_this, execution_date=20221026T143000, start_date=20221027T143007, end_date=20221027T143008
[2022-10-27 14:30:08,069] {local_task_job.py:156} INFO - Task exited with return code 0
[2022-10-27 14:30:08,116] {local_task_job.py:273} INFO - 0 downstream tasks scheduled from follow-on schedule check
