[2022-10-25 10:15:02,013] {taskinstance.py:1159} INFO - Dependencies all met for <TaskInstance: hello_world_dag.hello_task scheduled__2022-10-25T10:00:00+00:00 [queued]>
[2022-10-25 10:15:02,020] {taskinstance.py:1159} INFO - Dependencies all met for <TaskInstance: hello_world_dag.hello_task scheduled__2022-10-25T10:00:00+00:00 [queued]>
[2022-10-25 10:15:02,021] {taskinstance.py:1356} INFO - 
--------------------------------------------------------------------------------
[2022-10-25 10:15:02,021] {taskinstance.py:1357} INFO - Starting attempt 1 of 1
[2022-10-25 10:15:02,022] {taskinstance.py:1358} INFO - 
--------------------------------------------------------------------------------
[2022-10-25 10:15:02,034] {taskinstance.py:1377} INFO - Executing <Task(_PythonDecoratedOperator): hello_task> on 2022-10-25 10:00:00+00:00
[2022-10-25 10:15:02,036] {standard_task_runner.py:52} INFO - Started process 3184 to run task
[2022-10-25 10:15:02,039] {standard_task_runner.py:79} INFO - Running: ['airflow', 'tasks', 'run', 'hello_world_dag', 'hello_task', 'scheduled__2022-10-25T10:00:00+00:00', '--job-id', '19', '--raw', '--subdir', 'DAGS_FOLDER/hello.py', '--cfg-path', '/tmp/tmp0e33relv', '--error-file', '/tmp/tmpdmvm4c5z']
[2022-10-25 10:15:02,039] {standard_task_runner.py:80} INFO - Job 19: Subtask hello_task
[2022-10-25 10:15:02,098] {task_command.py:369} INFO - Running <TaskInstance: hello_world_dag.hello_task scheduled__2022-10-25T10:00:00+00:00 [running]> on host cf01c04ee00d
[2022-10-25 10:15:02,168] {taskinstance.py:1569} INFO - Exporting the following env vars:
AIRFLOW_CTX_DAG_OWNER=airflow
AIRFLOW_CTX_DAG_ID=hello_world_dag
AIRFLOW_CTX_TASK_ID=hello_task
AIRFLOW_CTX_EXECUTION_DATE=2022-10-25T10:00:00+00:00
AIRFLOW_CTX_TRY_NUMBER=1
AIRFLOW_CTX_DAG_RUN_ID=scheduled__2022-10-25T10:00:00+00:00
[2022-10-25 10:15:02,169] {hello.py:10} INFO - Hello World!!
[2022-10-25 10:15:02,169] {python.py:173} INFO - Done. Returned value was: None
[2022-10-25 10:15:02,183] {taskinstance.py:1395} INFO - Marking task as SUCCESS. dag_id=hello_world_dag, task_id=hello_task, execution_date=20221025T100000, start_date=20221025T101502, end_date=20221025T101502
[2022-10-25 10:15:02,212] {local_task_job.py:156} INFO - Task exited with return code 0
[2022-10-25 10:15:02,245] {local_task_job.py:273} INFO - 0 downstream tasks scheduled from follow-on schedule check
